<?xml version="1.0" encoding="UTF-8"?>
<!-- Generated by org.testng.reporters.JUnitXMLReporter -->
<testsuite ignored="0" hostname="Manideep" failures="1" tests="2" name="Test" time="57.491" errors="0" timestamp="2020-10-20T18:10:17 IST">
  <testcase classname="browser.facebook" name="mail" time="46.3"/>
  <testcase classname="browser.facebook" name="test" time="7.497">
    <failure type="java.lang.StackOverflowError">
      <![CDATA[java.lang.StackOverflowError
at mainobje.facebookobject.password(facebookobject.java:37)
at mainobje.facebookobject.password(facebookobject.java:37)
at mainobje.facebookobject.password(facebookobject.java:37)
at mainobje.facebookobject.password(facebookobject.java:37)
at mainobje.facebookobject.password(facebookobject.java:37)
at mainobje.facebookobject.password(facebookobject.java:37)
at mainobje.facebookobject.password(facebookobject.java:37)
at mainobje.facebookobject.password(facebookobject.java:37)
at mainobje.facebookobject.password(facebookobject.java:37)
at mainobje.facebookobject.password(facebookobject.java:37)
at mainobje.facebookobject.password(facebookobject.java:37)
at mainobje.facebookobject.password(facebookobject.java:37)
at mainobje.facebookobject.password(facebookobject.java:37)
at mainobje.facebookobject.password(facebookobject.java:37)
at mainobje.facebookobject.password(facebookobject.java:37)
at mainobje.facebookobject.password(facebookobject.java:37)
at mainobje.facebookobject.password(facebookobject.java:37)
at mainobje.facebookobject.password(facebookobject.java:37)
at mainobje.facebookobject.password(facebookobject.java:37)
at mainobje.facebookobject.password(facebookobject.java:37)
at mainobje.facebookobject.password(facebookobject.java:37)
at mainobje.facebookobject.password(facebookobject.java:37)
at mainobje.facebookobject.password(facebookobject.java:37)
at mainobje.facebookobject.password(facebookobject.java:37)
at mainobje.facebookobject.password(facebookobject.java:37)
at mainobje.facebookobject.password(facebookobject.java:37)
at mainobje.facebookobject.password(facebookobject.java:37)
at mainobje.facebookobject.password(facebookobject.java:37)
at mainobje.facebookobject.password(facebookobject.java:37)
at mainobje.facebookobject.password(facebookobject.java:37)
at mainobje.facebookobject.password(facebookobject.java:37)
at mainobje.facebookobject.password(facebookobject.java:37)
at mainobje.facebookobject.password(facebookobject.java:37)
at mainobje.facebookobject.password(facebookobject.java:37)
at mainobje.facebookobject.password(facebookobject.java:37)
at mainobje.facebookobject.password(facebookobject.java:37)
at mainobje.facebookobject.password(facebookobject.java:37)
at mainobje.facebookobject.password(facebookobject.java:37)
at mainobje.facebookobject.password(facebookobject.java:37)
at mainobje.facebookobject.password(facebookobject.java:37)
at mainobje.facebookobject.password(facebookobject.java:37)
at mainobje.facebookobject.password(facebookobject.java:37)
at mainobje.facebookobject.password(facebookobject.java:37)
at mainobje.facebookobject.password(facebookobject.java:37)
at mainobje.facebookobject.password(facebookobject.java:37)
at mainobje.facebookobject.password(facebookobject.java:37)
at mainobje.facebookobject.password(facebookobject.java:37)
at mainobje.facebookobject.password(facebookobject.java:37)
at mainobje.facebookobject.password(facebookobject.java:37)
at mainobje.facebookobject.password(facebookobject.java:37)
at mainobje.facebookobject.password(facebookobject.java:37)
at mainobje.facebookobject.password(facebookobject.java:37)
at mainobje.facebookobject.password(facebookobject.java:37)
at mainobje.facebookobject.password(facebookobject.java:37)
at mainobje.facebookobject.password(facebookobject.java:37)
at mainobje.facebookobject.password(facebookobject.java:37)
at mainobje.facebookobject.password(facebookobject.java:37)
at mainobje.facebookobject.password(facebookobject.java:37)
at mainobje.facebookobject.password(facebookobject.java:37)
at mainobje.facebookobject.password(facebookobject.java:37)
at mainobje.facebookobject.password(facebookobject.java:37)
at mainobje.facebookobject.password(facebookobject.java:37)
at mainobje.facebookobject.password(facebookobject.java:37)
at mainobje.facebookobject.password(facebookobject.java:37)
at mainobje.facebookobject.password(facebookobject.java:37)
at mainobje.facebookobject.password(facebookobject.java:37)
at mainobje.facebookobject.password(facebookobject.java:37)
at mainobje.facebookobject.password(facebookobject.java:37)
at mainobje.facebookobject.password(facebookobject.java:37)
at mainobje.facebookobject.password(facebookobject.java:37)
at mainobje.facebookobject.password(facebookobject.java:37)
at mainobje.facebookobject.password(facebookobject.java:37)
at mainobje.facebookobject.password(facebookobject.java:37)
at mainobje.facebookobject.password(facebookobject.java:37)
at mainobje.facebookobject.password(facebookobject.java:37)
at mainobje.facebookobject.password(facebookobject.java:37)
at mainobje.facebookobject.password(facebookobject.java:37)
at mainobje.facebookobject.password(facebookobject.java:37)
at mainobje.facebookobject.password(facebookobject.java:37)
at mainobje.facebookobject.password(facebookobject.java:37)
at mainobje.facebookobject.password(facebookobject.java:37)
at mainobje.facebookobject.password(facebookobject.java:37)
at mainobje.facebookobject.password(facebookobject.java:37)
at mainobje.facebookobject.password(facebookobject.java:37)
at mainobje.facebookobject.password(facebookobject.java:37)
at mainobje.facebookobject.password(facebookobject.java:37)
at mainobje.facebookobject.password(facebookobject.java:37)
at mainobje.facebookobject.password(facebookobject.java:37)
at mainobje.facebookobject.password(facebookobject.java:37)
at mainobje.facebookobject.password(facebookobject.java:37)
at mainobje.facebookobject.password(facebookobject.java:37)
at mainobje.facebookobject.password(facebookobject.java:37)
at mainobje.facebookobject.password(facebookobject.java:37)
at mainobje.facebookobject.password(facebookobject.java:37)
at mainobje.facebookobject.password(facebookobject.java:37)
at mainobje.facebookobject.password(facebookobject.java:37)
at mainobje.facebookobject.password(facebookobject.java:37)
at mainobje.facebookobject.password(facebookobject.java:37)
at mainobje.facebookobject.password(facebookobject.java:37)
at mainobje.facebookobject.password(facebookobject.java:37)
at mainobje.facebookobject.password(facebookobject.java:37)
at mainobje.facebookobject.password(facebookobject.java:37)
at mainobje.facebookobject.password(facebookobject.java:37)
at mainobje.facebookobject.password(facebookobject.java:37)
at mainobje.facebookobject.password(facebookobject.java:37)
at mainobje.facebookobject.password(facebookobject.java:37)
at mainobje.facebookobject.password(facebookobject.java:37)
at mainobje.facebookobject.password(facebookobject.java:37)
at mainobje.facebookobject.password(facebookobject.java:37)
at mainobje.facebookobject.password(facebookobject.java:37)
at mainobje.facebookobject.password(facebookobject.java:37)
at mainobje.facebookobject.password(facebookobject.java:37)
at mainobje.facebookobject.password(facebookobject.java:37)
at mainobje.facebookobject.password(facebookobject.java:37)
at mainobje.facebookobject.password(facebookobject.java:37)
at mainobje.facebookobject.password(facebookobject.java:37)
at mainobje.facebookobject.password(facebookobject.java:37)
at mainobje.facebookobject.password(facebookobject.java:37)
at mainobje.facebookobject.password(facebookobject.java:37)
at mainobje.facebookobject.password(facebookobject.java:37)
at mainobje.facebookobject.password(facebookobject.java:37)
at mainobje.facebookobject.password(facebookobject.java:37)
at mainobje.facebookobject.password(facebookobject.java:37)
at mainobje.facebookobject.password(facebookobject.java:37)
at mainobje.facebookobject.password(facebookobject.java:37)
at mainobje.facebookobject.password(facebookobject.java:37)
at mainobje.facebookobject.password(facebookobject.java:37)
at mainobje.facebookobject.password(facebookobject.java:37)
at mainobje.facebookobject.password(facebookobject.java:37)
at mainobje.facebookobject.password(facebookobject.java:37)
at mainobje.facebookobject.password(facebookobject.java:37)
at mainobje.facebookobject.password(facebookobject.java:37)
at mainobje.facebookobject.password(facebookobject.java:37)
at mainobje.facebookobject.password(facebookobject.java:37)
at mainobje.facebookobject.password(facebookobject.java:37)
at mainobje.facebookobject.password(facebookobject.java:37)
at mainobje.facebookobject.password(facebookobject.java:37)
at mainobje.facebookobject.password(facebookobject.java:37)
at mainobje.facebookobject.password(facebookobject.java:37)
at mainobje.facebookobject.password(facebookobject.java:37)
at mainobje.facebookobject.password(facebookobject.java:37)
at mainobje.facebookobject.password(facebookobject.java:37)
at mainobje.facebookobject.password(facebookobject.java:37)
at mainobje.facebookobject.password(facebookobject.java:37)
at mainobje.facebookobject.password(facebookobject.java:37)
at mainobje.facebookobject.password(facebookobject.java:37)
at mainobje.facebookobject.password(facebookobject.java:37)
at mainobje.facebookobject.password(facebookobject.java:37)
at mainobje.facebookobject.password(facebookobject.java:37)
at mainobje.facebookobject.password(facebookobject.java:37)
at mainobje.facebookobject.password(facebookobject.java:37)
at mainobje.facebookobject.password(facebookobject.java:37)
at mainobje.facebookobject.password(facebookobject.java:37)
at mainobje.facebookobject.password(facebookobject.java:37)
at mainobje.facebookobject.password(facebookobject.java:37)
at mainobje.facebookobject.password(facebookobject.java:37)
at mainobje.facebookobject.password(facebookobject.java:37)
at mainobje.facebookobject.password(facebookobject.java:37)
at mainobje.facebookobject.password(facebookobject.java:37)
at mainobje.facebookobject.password(facebookobject.java:37)
at mainobje.facebookobject.password(facebookobject.java:37)
at mainobje.facebookobject.password(facebookobject.java:37)
at mainobje.facebookobject.password(facebookobject.java:37)
at mainobje.facebookobject.password(facebookobject.java:37)
at mainobje.facebookobject.password(facebookobject.java:37)
at mainobje.facebookobject.password(facebookobject.java:37)
at mainobje.facebookobject.password(facebookobject.java:37)
at mainobje.facebookobject.password(facebookobject.java:37)
at mainobje.facebookobject.password(facebookobject.java:37)
at mainobje.facebookobject.password(facebookobject.java:37)
at mainobje.facebookobject.password(facebookobject.java:37)
at mainobje.facebookobject.password(facebookobject.java:37)
at mainobje.facebookobject.password(facebookobject.java:37)
at mainobje.facebookobject.password(facebookobject.java:37)
at mainobje.facebookobject.password(facebookobject.java:37)
at mainobje.facebookobject.password(facebookobject.java:37)
at mainobje.facebookobject.password(facebookobject.java:37)
at mainobje.facebookobject.password(facebookobject.java:37)
at mainobje.facebookobject.password(facebookobject.java:37)
at mainobje.facebookobject.password(facebookobject.java:37)
at mainobje.facebookobject.password(facebookobject.java:37)
at mainobje.facebookobject.password(facebookobject.java:37)
at mainobje.facebookobject.password(facebookobject.java:37)
at mainobje.facebookobject.password(facebookobject.java:37)
at mainobje.facebookobject.password(facebookobject.java:37)
at mainobje.facebookobject.password(facebookobject.java:37)
at mainobje.facebookobject.password(facebookobject.java:37)
at mainobje.facebookobject.password(facebookobject.java:37)
at mainobje.facebookobject.password(facebookobject.java:37)
at mainobje.facebookobject.password(facebookobject.java:37)
at mainobje.facebookobject.password(facebookobject.java:37)
at mainobje.facebookobject.password(facebookobject.java:37)
at mainobje.facebookobject.password(facebookobject.java:37)
at mainobje.facebookobject.password(facebookobject.java:37)
at mainobje.facebookobject.password(facebookobject.java:37)
at mainobje.facebookobject.password(facebookobject.java:37)
at mainobje.facebookobject.password(facebookobject.java:37)
at mainobje.facebookobject.password(facebookobject.java:37)
at mainobje.facebookobject.password(facebookobject.java:37)
at mainobje.facebookobject.password(facebookobject.java:37)
at mainobje.facebookobject.password(facebookobject.java:37)
at mainobje.facebookobject.password(facebookobject.java:37)
at mainobje.facebookobject.password(facebookobject.java:37)
at mainobje.facebookobject.password(facebookobject.java:37)
at mainobje.facebookobject.password(facebookobject.java:37)
at mainobje.facebookobject.password(facebookobject.java:37)
at mainobje.facebookobject.password(facebookobject.java:37)
at mainobje.facebookobject.password(facebookobject.java:37)
at mainobje.facebookobject.password(facebookobject.java:37)
at mainobje.facebookobject.password(facebookobject.java:37)
at mainobje.facebookobject.password(facebookobject.java:37)
at mainobje.facebookobject.password(facebookobject.java:37)
at mainobje.facebookobject.password(facebookobject.java:37)
at mainobje.facebookobject.password(facebookobject.java:37)
at mainobje.facebookobject.password(facebookobject.java:37)
at mainobje.facebookobject.password(facebookobject.java:37)
at mainobje.facebookobject.password(facebookobject.java:37)
at mainobje.facebookobject.password(facebookobject.java:37)
at mainobje.facebookobject.password(facebookobject.java:37)
at mainobje.facebookobject.password(facebookobject.java:37)
at mainobje.facebookobject.password(facebookobject.java:37)
at mainobje.facebookobject.password(facebookobject.java:37)
at mainobje.facebookobject.password(facebookobject.java:37)
at mainobje.facebookobject.password(facebookobject.java:37)
at mainobje.facebookobject.password(facebookobject.java:37)
at mainobje.facebookobject.password(facebookobject.java:37)
at mainobje.facebookobject.password(facebookobject.java:37)
at mainobje.facebookobject.password(facebookobject.java:37)
at mainobje.facebookobject.password(facebookobject.java:37)
at mainobje.facebookobject.password(facebookobject.java:37)
at mainobje.facebookobject.password(facebookobject.java:37)
at mainobje.facebookobject.password(facebookobject.java:37)
at mainobje.facebookobject.password(facebookobject.java:37)
at mainobje.facebookobject.password(facebookobject.java:37)
at mainobje.facebookobject.password(facebookobject.java:37)
at mainobje.facebookobject.password(facebookobject.java:37)
at mainobje.facebookobject.password(facebookobject.java:37)
at mainobje.facebookobject.password(facebookobject.java:37)
at mainobje.facebookobject.password(facebookobject.java:37)
at mainobje.facebookobject.password(facebookobject.java:37)
at mainobje.facebookobject.password(facebookobject.java:37)
at mainobje.facebookobject.password(facebookobject.java:37)
at mainobje.facebookobject.password(facebookobject.java:37)
at mainobje.facebookobject.password(facebookobject.java:37)
at mainobje.facebookobject.password(facebookobject.java:37)
at mainobje.facebookobject.password(facebookobject.java:37)
at mainobje.facebookobject.password(facebookobject.java:37)
at mainobje.facebookobject.password(facebookobject.java:37)
at mainobje.facebookobject.password(facebookobject.java:37)
at mainobje.facebookobject.password(facebookobject.java:37)
at mainobje.facebookobject.password(facebookobject.java:37)
at mainobje.facebookobject.password(facebookobject.java:37)
at mainobje.facebookobject.password(facebookobject.java:37)
at mainobje.facebookobject.password(facebookobject.java:37)
at mainobje.facebookobject.password(facebookobject.java:37)
at mainobje.facebookobject.password(facebookobject.java:37)
at mainobje.facebookobject.password(facebookobject.java:37)
at mainobje.facebookobject.password(facebookobject.java:37)
at mainobje.facebookobject.password(facebookobject.java:37)
at mainobje.facebookobject.password(facebookobject.java:37)
at mainobje.facebookobject.password(facebookobject.java:37)
at mainobje.facebookobject.password(facebookobject.java:37)
at mainobje.facebookobject.password(facebookobject.java:37)
at mainobje.facebookobject.password(facebookobject.java:37)
at mainobje.facebookobject.password(facebookobject.java:37)
at mainobje.facebookobject.password(facebookobject.java:37)
at mainobje.facebookobject.password(facebookobject.java:37)
at mainobje.facebookobject.password(facebookobject.java:37)
at mainobje.facebookobject.password(facebookobject.java:37)
at mainobje.facebookobject.password(facebookobject.java:37)
at mainobje.facebookobject.password(facebookobject.java:37)
at mainobje.facebookobject.password(facebookobject.java:37)
at mainobje.facebookobject.password(facebookobject.java:37)
at mainobje.facebookobject.password(facebookobject.java:37)
at mainobje.facebookobject.password(facebookobject.java:37)
at mainobje.facebookobject.password(facebookobject.java:37)
at mainobje.facebookobject.password(facebookobject.java:37)
at mainobje.facebookobject.password(facebookobject.java:37)
at mainobje.facebookobject.password(facebookobject.java:37)
at mainobje.facebookobject.password(facebookobject.java:37)
at mainobje.facebookobject.password(facebookobject.java:37)
at mainobje.facebookobject.password(facebookobject.java:37)
at mainobje.facebookobject.password(facebookobject.java:37)
at mainobje.facebookobject.password(facebookobject.java:37)
at mainobje.facebookobject.password(facebookobject.java:37)
at mainobje.facebookobject.password(facebookobject.java:37)
at mainobje.facebookobject.password(facebookobject.java:37)
at mainobje.facebookobject.password(facebookobject.java:37)
at mainobje.facebookobject.password(facebookobject.java:37)
at mainobje.facebookobject.password(facebookobject.java:37)
at mainobje.facebookobject.password(facebookobject.java:37)
at mainobje.facebookobject.password(facebookobject.java:37)
at mainobje.facebookobject.password(facebookobject.java:37)
at mainobje.facebookobject.password(facebookobject.java:37)
at mainobje.facebookobject.password(facebookobject.java:37)
at mainobje.facebookobject.password(facebookobject.java:37)
at mainobje.facebookobject.password(facebookobject.java:37)
at mainobje.facebookobject.password(facebookobject.java:37)
at mainobje.facebookobject.password(facebookobject.java:37)
at mainobje.facebookobject.password(facebookobject.java:37)
at mainobje.facebookobject.password(facebookobject.java:37)
at mainobje.facebookobject.password(facebookobject.java:37)
at mainobje.facebookobject.password(facebookobject.java:37)
at mainobje.facebookobject.password(facebookobject.java:37)
at mainobje.facebookobject.password(facebookobject.java:37)
at mainobje.facebookobject.password(facebookobject.java:37)
at mainobje.facebookobject.password(facebookobject.java:37)
at mainobje.facebookobject.password(facebookobject.java:37)
at mainobje.facebookobject.password(facebookobject.java:37)
at mainobje.facebookobject.password(facebookobject.java:37)
at mainobje.facebookobject.password(facebookobject.java:37)
at mainobje.facebookobject.password(facebookobject.java:37)
at mainobje.facebookobject.password(facebookobject.java:37)
at mainobje.facebookobject.password(facebookobject.java:37)
at mainobje.facebookobject.password(facebookobject.java:37)
at mainobje.facebookobject.password(facebookobject.java:37)
at mainobje.facebookobject.password(facebookobject.java:37)
at mainobje.facebookobject.password(facebookobject.java:37)
at mainobje.facebookobject.password(facebookobject.java:37)
at mainobje.facebookobject.password(facebookobject.java:37)
at mainobje.facebookobject.password(facebookobject.java:37)
at mainobje.facebookobject.password(facebookobject.java:37)
at mainobje.facebookobject.password(facebookobject.java:37)
at mainobje.facebookobject.password(facebookobject.java:37)
at mainobje.facebookobject.password(facebookobject.java:37)
at mainobje.facebookobject.password(facebookobject.java:37)
at mainobje.facebookobject.password(facebookobject.java:37)
at mainobje.facebookobject.password(facebookobject.java:37)
at mainobje.facebookobject.password(facebookobject.java:37)
at mainobje.facebookobject.password(facebookobject.java:37)
at mainobje.facebookobject.password(facebookobject.java:37)
at mainobje.facebookobject.password(facebookobject.java:37)
at mainobje.facebookobject.password(facebookobject.java:37)
at mainobje.facebookobject.password(facebookobject.java:37)
at mainobje.facebookobject.password(facebookobject.java:37)
at mainobje.facebookobject.password(facebookobject.java:37)
at mainobje.facebookobject.password(facebookobject.java:37)
at mainobje.facebookobject.password(facebookobject.java:37)
at mainobje.facebookobject.password(facebookobject.java:37)
at mainobje.facebookobject.password(facebookobject.java:37)
at mainobje.facebookobject.password(facebookobject.java:37)
at mainobje.facebookobject.password(facebookobject.java:37)
at mainobje.facebookobject.password(facebookobject.java:37)
at mainobje.facebookobject.password(facebookobject.java:37)
at mainobje.facebookobject.password(facebookobject.java:37)
at mainobje.facebookobject.password(facebookobject.java:37)
at mainobje.facebookobject.password(facebookobject.java:37)
at mainobje.facebookobject.password(facebookobject.java:37)
at mainobje.facebookobject.password(facebookobject.java:37)
at mainobje.facebookobject.password(facebookobject.java:37)
at mainobje.facebookobject.password(facebookobject.java:37)
at mainobje.facebookobject.password(facebookobject.java:37)
at mainobje.facebookobject.password(facebookobject.java:37)
at mainobje.facebookobject.password(facebookobject.java:37)
at mainobje.facebookobject.password(facebookobject.java:37)
at mainobje.facebookobject.password(facebookobject.java:37)
at mainobje.facebookobject.password(facebookobject.java:37)
at mainobje.facebookobject.password(facebookobject.java:37)
at mainobje.facebookobject.password(facebookobject.java:37)
at mainobje.facebookobject.password(facebookobject.java:37)
at mainobje.facebookobject.password(facebookobject.java:37)
at mainobje.facebookobject.password(facebookobject.java:37)
at mainobje.facebookobject.password(facebookobject.java:37)
at mainobje.facebookobject.password(facebookobject.java:37)
at mainobje.facebookobject.password(facebookobject.java:37)
at mainobje.facebookobject.password(facebookobject.java:37)
at mainobje.facebookobject.password(facebookobject.java:37)
at mainobje.facebookobject.password(facebookobject.java:37)
at mainobje.facebookobject.password(facebookobject.java:37)
at mainobje.facebookobject.password(facebookobject.java:37)
at mainobje.facebookobject.password(facebookobject.java:37)
at mainobje.facebookobject.password(facebookobject.java:37)
at mainobje.facebookobject.password(facebookobject.java:37)
at mainobje.facebookobject.password(facebookobject.java:37)
at mainobje.facebookobject.password(facebookobject.java:37)
at mainobje.facebookobject.password(facebookobject.java:37)
at mainobje.facebookobject.password(facebookobject.java:37)
at mainobje.facebookobject.password(facebookobject.java:37)
at mainobje.facebookobject.password(facebookobject.java:37)
at mainobje.facebookobject.password(facebookobject.java:37)
at mainobje.facebookobject.password(facebookobject.java:37)
at mainobje.facebookobject.password(facebookobject.java:37)
at mainobje.facebookobject.password(facebookobject.java:37)
at mainobje.facebookobject.password(facebookobject.java:37)
at mainobje.facebookobject.password(facebookobject.java:37)
at mainobje.facebookobject.password(facebookobject.java:37)
at mainobje.facebookobject.password(facebookobject.java:37)
at mainobje.facebookobject.password(facebookobject.java:37)
at mainobje.facebookobject.password(facebookobject.java:37)
at mainobje.facebookobject.password(facebookobject.java:37)
at mainobje.facebookobject.password(facebookobject.java:37)
at mainobje.facebookobject.password(facebookobject.java:37)
at mainobje.facebookobject.password(facebookobject.java:37)
at mainobje.facebookobject.password(facebookobject.java:37)
at mainobje.facebookobject.password(facebookobject.java:37)
at mainobje.facebookobject.password(facebookobject.java:37)
at mainobje.facebookobject.password(facebookobject.java:37)
at mainobje.facebookobject.password(facebookobject.java:37)
at mainobje.facebookobject.password(facebookobject.java:37)
at mainobje.facebookobject.password(facebookobject.java:37)
at mainobje.facebookobject.password(facebookobject.java:37)
at mainobje.facebookobject.password(facebookobject.java:37)
at mainobje.facebookobject.password(facebookobject.java:37)
at mainobje.facebookobject.password(facebookobject.java:37)
at mainobje.facebookobject.password(facebookobject.java:37)
at mainobje.facebookobject.password(facebookobject.java:37)
at mainobje.facebookobject.password(facebookobject.java:37)
at mainobje.facebookobject.password(facebookobject.java:37)
at mainobje.facebookobject.password(facebookobject.java:37)
at mainobje.facebookobject.password(facebookobject.java:37)
at mainobje.facebookobject.password(facebookobject.java:37)
at mainobje.facebookobject.password(facebookobject.java:37)
at mainobje.facebookobject.password(facebookobject.java:37)
at mainobje.facebookobject.password(facebookobject.java:37)
at mainobje.facebookobject.password(facebookobject.java:37)
at mainobje.facebookobject.password(facebookobject.java:37)
at mainobje.facebookobject.password(facebookobject.java:37)
at mainobje.facebookobject.password(facebookobject.java:37)
at mainobje.facebookobject.password(facebookobject.java:37)
at mainobje.facebookobject.password(facebookobject.java:37)
at mainobje.facebookobject.password(facebookobject.java:37)
at mainobje.facebookobject.password(facebookobject.java:37)
at mainobje.facebookobject.password(facebookobject.java:37)
at mainobje.facebookobject.password(facebookobject.java:37)
at mainobje.facebookobject.password(facebookobject.java:37)
at mainobje.facebookobject.password(facebookobject.java:37)
at mainobje.facebookobject.password(facebookobject.java:37)
at mainobje.facebookobject.password(facebookobject.java:37)
at mainobje.facebookobject.password(facebookobject.java:37)
at mainobje.facebookobject.password(facebookobject.java:37)
at mainobje.facebookobject.password(facebookobject.java:37)
at mainobje.facebookobject.password(facebookobject.java:37)
at mainobje.facebookobject.password(facebookobject.java:37)
at mainobje.facebookobject.password(facebookobject.java:37)
at mainobje.facebookobject.password(facebookobject.java:37)
at mainobje.facebookobject.password(facebookobject.java:37)
at mainobje.facebookobject.password(facebookobject.java:37)
at mainobje.facebookobject.password(facebookobject.java:37)
at mainobje.facebookobject.password(facebookobject.java:37)
at mainobje.facebookobject.password(facebookobject.java:37)
at mainobje.facebookobject.password(facebookobject.java:37)
at mainobje.facebookobject.password(facebookobject.java:37)
at mainobje.facebookobject.password(facebookobject.java:37)
at mainobje.facebookobject.password(facebookobject.java:37)
at mainobje.facebookobject.password(facebookobject.java:37)
at mainobje.facebookobject.password(facebookobject.java:37)
at mainobje.facebookobject.password(facebookobject.java:37)
at mainobje.facebookobject.password(facebookobject.java:37)
at mainobje.facebookobject.password(facebookobject.java:37)
at mainobje.facebookobject.password(facebookobject.java:37)
at mainobje.facebookobject.password(facebookobject.java:37)
at mainobje.facebookobject.password(facebookobject.java:37)
at mainobje.facebookobject.password(facebookobject.java:37)
at mainobje.facebookobject.password(facebookobject.java:37)
at mainobje.facebookobject.password(facebookobject.java:37)
at mainobje.facebookobject.password(facebookobject.java:37)
at mainobje.facebookobject.password(facebookobject.java:37)
at mainobje.facebookobject.password(facebookobject.java:37)
at mainobje.facebookobject.password(facebookobject.java:37)
at mainobje.facebookobject.password(facebookobject.java:37)
at mainobje.facebookobject.password(facebookobject.java:37)
at mainobje.facebookobject.password(facebookobject.java:37)
at mainobje.facebookobject.password(facebookobject.java:37)
at mainobje.facebookobject.password(facebookobject.java:37)
at mainobje.facebookobject.password(facebookobject.java:37)
at mainobje.facebookobject.password(facebookobject.java:37)
at mainobje.facebookobject.password(facebookobject.java:37)
at mainobje.facebookobject.password(facebookobject.java:37)
at mainobje.facebookobject.password(facebookobject.java:37)
at mainobje.facebookobject.password(facebookobject.java:37)
at mainobje.facebookobject.password(facebookobject.java:37)
at mainobje.facebookobject.password(facebookobject.java:37)
at mainobje.facebookobject.password(facebookobject.java:37)
at mainobje.facebookobject.password(facebookobject.java:37)
at mainobje.facebookobject.password(facebookobject.java:37)
at mainobje.facebookobject.password(facebookobject.java:37)
at mainobje.facebookobject.password(facebookobject.java:37)
at mainobje.facebookobject.password(facebookobject.java:37)
at mainobje.facebookobject.password(facebookobject.java:37)
at mainobje.facebookobject.password(facebookobject.java:37)
at mainobje.facebookobject.password(facebookobject.java:37)
at mainobje.facebookobject.password(facebookobject.java:37)
at mainobje.facebookobject.password(facebookobject.java:37)
at mainobje.facebookobject.password(facebookobject.java:37)
at mainobje.facebookobject.password(facebookobject.java:37)
at mainobje.facebookobject.password(facebookobject.java:37)
at mainobje.facebookobject.password(facebookobject.java:37)
at mainobje.facebookobject.password(facebookobject.java:37)
at mainobje.facebookobject.password(facebookobject.java:37)
at mainobje.facebookobject.password(facebookobject.java:37)
at mainobje.facebookobject.password(facebookobject.java:37)
at mainobje.facebookobject.password(facebookobject.java:37)
at mainobje.facebookobject.password(facebookobject.java:37)
at mainobje.facebookobject.password(facebookobject.java:37)
at mainobje.facebookobject.password(facebookobject.java:37)
at mainobje.facebookobject.password(facebookobject.java:37)
at mainobje.facebookobject.password(facebookobject.java:37)
at mainobje.facebookobject.password(facebookobject.java:37)
at mainobje.facebookobject.password(facebookobject.java:37)
at mainobje.facebookobject.password(facebookobject.java:37)
at mainobje.facebookobject.password(facebookobject.java:37)
at mainobje.facebookobject.password(facebookobject.java:37)
at mainobje.facebookobject.password(facebookobject.java:37)
at mainobje.facebookobject.password(facebookobject.java:37)
at mainobje.facebookobject.password(facebookobject.java:37)
at mainobje.facebookobject.password(facebookobject.java:37)
at mainobje.facebookobject.password(facebookobject.java:37)
at mainobje.facebookobject.password(facebookobject.java:37)
at mainobje.facebookobject.password(facebookobject.java:37)
at mainobje.facebookobject.password(facebookobject.java:37)
at mainobje.facebookobject.password(facebookobject.java:37)
at mainobje.facebookobject.password(facebookobject.java:37)
at mainobje.facebookobject.password(facebookobject.java:37)
at mainobje.facebookobject.password(facebookobject.java:37)
at mainobje.facebookobject.password(facebookobject.java:37)
at mainobje.facebookobject.password(facebookobject.java:37)
at mainobje.facebookobject.password(facebookobject.java:37)
at mainobje.facebookobject.password(facebookobject.java:37)
at mainobje.facebookobject.password(facebookobject.java:37)
at mainobje.facebookobject.password(facebookobject.java:37)
at mainobje.facebookobject.password(facebookobject.java:37)
at mainobje.facebookobject.password(facebookobject.java:37)
at mainobje.facebookobject.password(facebookobject.java:37)
at mainobje.facebookobject.password(facebookobject.java:37)
at mainobje.facebookobject.password(facebookobject.java:37)
at mainobje.facebookobject.password(facebookobject.java:37)
at mainobje.facebookobject.password(facebookobject.java:37)
at mainobje.facebookobject.password(facebookobject.java:37)
at mainobje.facebookobject.password(facebookobject.java:37)
at mainobje.facebookobject.password(facebookobject.java:37)
at mainobje.facebookobject.password(facebookobject.java:37)
at mainobje.facebookobject.password(facebookobject.java:37)
at mainobje.facebookobject.password(facebookobject.java:37)
at mainobje.facebookobject.password(facebookobject.java:37)
at mainobje.facebookobject.password(facebookobject.java:37)
at mainobje.facebookobject.password(facebookobject.java:37)
at mainobje.facebookobject.password(facebookobject.java:37)
at mainobje.facebookobject.password(facebookobject.java:37)
at mainobje.facebookobject.password(facebookobject.java:37)
at mainobje.facebookobject.password(facebookobject.java:37)
at mainobje.facebookobject.password(facebookobject.java:37)
at mainobje.facebookobject.password(facebookobject.java:37)
at mainobje.facebookobject.password(facebookobject.java:37)
at mainobje.facebookobject.password(facebookobject.java:37)
at mainobje.facebookobject.password(facebookobject.java:37)
at mainobje.facebookobject.password(facebookobject.java:37)
at mainobje.facebookobject.password(facebookobject.java:37)
at mainobje.facebookobject.password(facebookobject.java:37)
at mainobje.facebookobject.password(facebookobject.java:37)
at mainobje.facebookobject.password(facebookobject.java:37)
at mainobje.facebookobject.password(facebookobject.java:37)
at mainobje.facebookobject.password(facebookobject.java:37)
at mainobje.facebookobject.password(facebookobject.java:37)
at mainobje.facebookobject.password(facebookobject.java:37)
at mainobje.facebookobject.password(facebookobject.java:37)
at mainobje.facebookobject.password(facebookobject.java:37)
at mainobje.facebookobject.password(facebookobject.java:37)
at mainobje.facebookobject.password(facebookobject.java:37)
at mainobje.facebookobject.password(facebookobject.java:37)
at mainobje.facebookobject.password(facebookobject.java:37)
at mainobje.facebookobject.password(facebookobject.java:37)
at mainobje.facebookobject.password(facebookobject.java:37)
at mainobje.facebookobject.password(facebookobject.java:37)
at mainobje.facebookobject.password(facebookobject.java:37)
at mainobje.facebookobject.password(facebookobject.java:37)
at mainobje.facebookobject.password(facebookobject.java:37)
at mainobje.facebookobject.password(facebookobject.java:37)
at mainobje.facebookobject.password(facebookobject.java:37)
at mainobje.facebookobject.password(facebookobject.java:37)
at mainobje.facebookobject.password(facebookobject.java:37)
at mainobje.facebookobject.password(facebookobject.java:37)
at mainobje.facebookobject.password(facebookobject.java:37)
at mainobje.facebookobject.password(facebookobject.java:37)
at mainobje.facebookobject.password(facebookobject.java:37)
at mainobje.facebookobject.password(facebookobject.java:37)
at mainobje.facebookobject.password(facebookobject.java:37)
at mainobje.facebookobject.password(facebookobject.java:37)
at mainobje.facebookobject.password(facebookobject.java:37)
at mainobje.facebookobject.password(facebookobject.java:37)
at mainobje.facebookobject.password(facebookobject.java:37)
at mainobje.facebookobject.password(facebookobject.java:37)
at mainobje.facebookobject.password(facebookobject.java:37)
at mainobje.facebookobject.password(facebookobject.java:37)
at mainobje.facebookobject.password(facebookobject.java:37)
at mainobje.facebookobject.password(facebookobject.java:37)
at mainobje.facebookobject.password(facebookobject.java:37)
at mainobje.facebookobject.password(facebookobject.java:37)
at mainobje.facebookobject.password(facebookobject.java:37)
at mainobje.facebookobject.password(facebookobject.java:37)
at mainobje.facebookobject.password(facebookobject.java:37)
at mainobje.facebookobject.password(facebookobject.java:37)
at mainobje.facebookobject.password(facebookobject.java:37)
at mainobje.facebookobject.password(facebookobject.java:37)
at mainobje.facebookobject.password(facebookobject.java:37)
at mainobje.facebookobject.password(facebookobject.java:37)
at mainobje.facebookobject.password(facebookobject.java:37)
at mainobje.facebookobject.password(facebookobject.java:37)
at mainobje.facebookobject.password(facebookobject.java:37)
at mainobje.facebookobject.password(facebookobject.java:37)
at mainobje.facebookobject.password(facebookobject.java:37)
at mainobje.facebookobject.password(facebookobject.java:37)
at mainobje.facebookobject.password(facebookobject.java:37)
at mainobje.facebookobject.password(facebookobject.java:37)
at mainobje.facebookobject.password(facebookobject.java:37)
at mainobje.facebookobject.password(facebookobject.java:37)
at mainobje.facebookobject.password(facebookobject.java:37)
at mainobje.facebookobject.password(facebookobject.java:37)
at mainobje.facebookobject.password(facebookobject.java:37)
at mainobje.facebookobject.password(facebookobject.java:37)
at mainobje.facebookobject.password(facebookobject.java:37)
at mainobje.facebookobject.password(facebookobject.java:37)
at mainobje.facebookobject.password(facebookobject.java:37)
at mainobje.facebookobject.password(facebookobject.java:37)
at mainobje.facebookobject.password(facebookobject.java:37)
at mainobje.facebookobject.password(facebookobject.java:37)
at mainobje.facebookobject.password(facebookobject.java:37)
at mainobje.facebookobject.password(facebookobject.java:37)
at mainobje.facebookobject.password(facebookobject.java:37)
at mainobje.facebookobject.password(facebookobject.java:37)
at mainobje.facebookobject.password(facebookobject.java:37)
at mainobje.facebookobject.password(facebookobject.java:37)
at mainobje.facebookobject.password(facebookobject.java:37)
at mainobje.facebookobject.password(facebookobject.java:37)
at mainobje.facebookobject.password(facebookobject.java:37)
at mainobje.facebookobject.password(facebookobject.java:37)
at mainobje.facebookobject.password(facebookobject.java:37)
at mainobje.facebookobject.password(facebookobject.java:37)
at mainobje.facebookobject.password(facebookobject.java:37)
at mainobje.facebookobject.password(facebookobject.java:37)
at mainobje.facebookobject.password(facebookobject.java:37)
at mainobje.facebookobject.password(facebookobject.java:37)
at mainobje.facebookobject.password(facebookobject.java:37)
at mainobje.facebookobject.password(facebookobject.java:37)
at mainobje.facebookobject.password(facebookobject.java:37)
at mainobje.facebookobject.password(facebookobject.java:37)
at mainobje.facebookobject.password(facebookobject.java:37)
at mainobje.facebookobject.password(facebookobject.java:37)
at mainobje.facebookobject.password(facebookobject.java:37)
at mainobje.facebookobject.password(facebookobject.java:37)
at mainobje.facebookobject.password(facebookobject.java:37)
at mainobje.facebookobject.password(facebookobject.java:37)
at mainobje.facebookobject.password(facebookobject.java:37)
at mainobje.facebookobject.password(facebookobject.java:37)
at mainobje.facebookobject.password(facebookobject.java:37)
at mainobje.facebookobject.password(facebookobject.java:37)
at mainobje.facebookobject.password(facebookobject.java:37)
at mainobje.facebookobject.password(facebookobject.java:37)
at mainobje.facebookobject.password(facebookobject.java:37)
at mainobje.facebookobject.password(facebookobject.java:37)
at mainobje.facebookobject.password(facebookobject.java:37)
at mainobje.facebookobject.password(facebookobject.java:37)
at mainobje.facebookobject.password(facebookobject.java:37)
at mainobje.facebookobject.password(facebookobject.java:37)
at mainobje.facebookobject.password(facebookobject.java:37)
at mainobje.facebookobject.password(facebookobject.java:37)
at mainobje.facebookobject.password(facebookobject.java:37)
at mainobje.facebookobject.password(facebookobject.java:37)
at mainobje.facebookobject.password(facebookobject.java:37)
at mainobje.facebookobject.password(facebookobject.java:37)
at mainobje.facebookobject.password(facebookobject.java:37)
at mainobje.facebookobject.password(facebookobject.java:37)
at mainobje.facebookobject.password(facebookobject.java:37)
at mainobje.facebookobject.password(facebookobject.java:37)
at mainobje.facebookobject.password(facebookobject.java:37)
at mainobje.facebookobject.password(facebookobject.java:37)
at mainobje.facebookobject.password(facebookobject.java:37)
at mainobje.facebookobject.password(facebookobject.java:37)
at mainobje.facebookobject.password(facebookobject.java:37)
at mainobje.facebookobject.password(facebookobject.java:37)
at mainobje.facebookobject.password(facebookobject.java:37)
at mainobje.facebookobject.password(facebookobject.java:37)
at mainobje.facebookobject.password(facebookobject.java:37)
at mainobje.facebookobject.password(facebookobject.java:37)
at mainobje.facebookobject.password(facebookobject.java:37)
at mainobje.facebookobject.password(facebookobject.java:37)
at mainobje.facebookobject.password(facebookobject.java:37)
at mainobje.facebookobject.password(facebookobject.java:37)
at mainobje.facebookobject.password(facebookobject.java:37)
at mainobje.facebookobject.password(facebookobject.java:37)
at mainobje.facebookobject.password(facebookobject.java:37)
at mainobje.facebookobject.password(facebookobject.java:37)
at mainobje.facebookobject.password(facebookobject.java:37)
at mainobje.facebookobject.password(facebookobject.java:37)
at mainobje.facebookobject.password(facebookobject.java:37)
at mainobje.facebookobject.password(facebookobject.java:37)
at mainobje.facebookobject.password(facebookobject.java:37)
at mainobje.facebookobject.password(facebookobject.java:37)
at mainobje.facebookobject.password(facebookobject.java:37)
at mainobje.facebookobject.password(facebookobject.java:37)
at mainobje.facebookobject.password(facebookobject.java:37)
at mainobje.facebookobject.password(facebookobject.java:37)
at mainobje.facebookobject.password(facebookobject.java:37)
at mainobje.facebookobject.password(facebookobject.java:37)
at mainobje.facebookobject.password(facebookobject.java:37)
at mainobje.facebookobject.password(facebookobject.java:37)
at mainobje.facebookobject.password(facebookobject.java:37)
at mainobje.facebookobject.password(facebookobject.java:37)
at mainobje.facebookobject.password(facebookobject.java:37)
at mainobje.facebookobject.password(facebookobject.java:37)
at mainobje.facebookobject.password(facebookobject.java:37)
at mainobje.facebookobject.password(facebookobject.java:37)
at mainobje.facebookobject.password(facebookobject.java:37)
at mainobje.facebookobject.password(facebookobject.java:37)
at mainobje.facebookobject.password(facebookobject.java:37)
at mainobje.facebookobject.password(facebookobject.java:37)
at mainobje.facebookobject.password(facebookobject.java:37)
at mainobje.facebookobject.password(facebookobject.java:37)
at mainobje.facebookobject.password(facebookobject.java:37)
at mainobje.facebookobject.password(facebookobject.java:37)
at mainobje.facebookobject.password(facebookobject.java:37)
at mainobje.facebookobject.password(facebookobject.java:37)
at mainobje.facebookobject.password(facebookobject.java:37)
at mainobje.facebookobject.password(facebookobject.java:37)
at mainobje.facebookobject.password(facebookobject.java:37)
at mainobje.facebookobject.password(facebookobject.java:37)
at mainobje.facebookobject.password(facebookobject.java:37)
at mainobje.facebookobject.password(facebookobject.java:37)
at mainobje.facebookobject.password(facebookobject.java:37)
at mainobje.facebookobject.password(facebookobject.java:37)
at mainobje.facebookobject.password(facebookobject.java:37)
at mainobje.facebookobject.password(facebookobject.java:37)
at mainobje.facebookobject.password(facebookobject.java:37)
at mainobje.facebookobject.password(facebookobject.java:37)
at mainobje.facebookobject.password(facebookobject.java:37)
at mainobje.facebookobject.password(facebookobject.java:37)
at mainobje.facebookobject.password(facebookobject.java:37)
at mainobje.facebookobject.password(facebookobject.java:37)
at mainobje.facebookobject.password(facebookobject.java:37)
at mainobje.facebookobject.password(facebookobject.java:37)
at mainobje.facebookobject.password(facebookobject.java:37)
at mainobje.facebookobject.password(facebookobject.java:37)
at mainobje.facebookobject.password(facebookobject.java:37)
at mainobje.facebookobject.password(facebookobject.java:37)
at mainobje.facebookobject.password(facebookobject.java:37)
at mainobje.facebookobject.password(facebookobject.java:37)
at mainobje.facebookobject.password(facebookobject.java:37)
at mainobje.facebookobject.password(facebookobject.java:37)
at mainobje.facebookobject.password(facebookobject.java:37)
at mainobje.facebookobject.password(facebookobject.java:37)
at mainobje.facebookobject.password(facebookobject.java:37)
at mainobje.facebookobject.password(facebookobject.java:37)
at mainobje.facebookobject.password(facebookobject.java:37)
at mainobje.facebookobject.password(facebookobject.java:37)
at mainobje.facebookobject.password(facebookobject.java:37)
at mainobje.facebookobject.password(facebookobject.java:37)
at mainobje.facebookobject.password(facebookobject.java:37)
at mainobje.facebookobject.password(facebookobject.java:37)
at mainobje.facebookobject.password(facebookobject.java:37)
at mainobje.facebookobject.password(facebookobject.java:37)
at mainobje.facebookobject.password(facebookobject.java:37)
at mainobje.facebookobject.password(facebookobject.java:37)
at mainobje.facebookobject.password(facebookobject.java:37)
at mainobje.facebookobject.password(facebookobject.java:37)
at mainobje.facebookobject.password(facebookobject.java:37)
at mainobje.facebookobject.password(facebookobject.java:37)
at mainobje.facebookobject.password(facebookobject.java:37)
at mainobje.facebookobject.password(facebookobject.java:37)
at mainobje.facebookobject.password(facebookobject.java:37)
at mainobje.facebookobject.password(facebookobject.java:37)
at mainobje.facebookobject.password(facebookobject.java:37)
at mainobje.facebookobject.password(facebookobject.java:37)
at mainobje.facebookobject.password(facebookobject.java:37)
at mainobje.facebookobject.password(facebookobject.java:37)
at mainobje.facebookobject.password(facebookobject.java:37)
at mainobje.facebookobject.password(facebookobject.java:37)
at mainobje.facebookobject.password(facebookobject.java:37)
at mainobje.facebookobject.password(facebookobject.java:37)
at mainobje.facebookobject.password(facebookobject.java:37)
at mainobje.facebookobject.password(facebookobject.java:37)
at mainobje.facebookobject.password(facebookobject.java:37)
at mainobje.facebookobject.password(facebookobject.java:37)
at mainobje.facebookobject.password(facebookobject.java:37)
at mainobje.facebookobject.password(facebookobject.java:37)
at mainobje.facebookobject.password(facebookobject.java:37)
at mainobje.facebookobject.password(facebookobject.java:37)
at mainobje.facebookobject.password(facebookobject.java:37)
at mainobje.facebookobject.password(facebookobject.java:37)
at mainobje.facebookobject.password(facebookobject.java:37)
at mainobje.facebookobject.password(facebookobject.java:37)
at mainobje.facebookobject.password(facebookobject.java:37)
at mainobje.facebookobject.password(facebookobject.java:37)
at mainobje.facebookobject.password(facebookobject.java:37)
at mainobje.facebookobject.password(facebookobject.java:37)
at mainobje.facebookobject.password(facebookobject.java:37)
at mainobje.facebookobject.password(facebookobject.java:37)
at mainobje.facebookobject.password(facebookobject.java:37)
at mainobje.facebookobject.password(facebookobject.java:37)
at mainobje.facebookobject.password(facebookobject.java:37)
at mainobje.facebookobject.password(facebookobject.java:37)
at mainobje.facebookobject.password(facebookobject.java:37)
at mainobje.facebookobject.password(facebookobject.java:37)
at mainobje.facebookobject.password(facebookobject.java:37)
at mainobje.facebookobject.password(facebookobject.java:37)
at mainobje.facebookobject.password(facebookobject.java:37)
at mainobje.facebookobject.password(facebookobject.java:37)
at mainobje.facebookobject.password(facebookobject.java:37)
at mainobje.facebookobject.password(facebookobject.java:37)
at mainobje.facebookobject.password(facebookobject.java:37)
at mainobje.facebookobject.password(facebookobject.java:37)
at mainobje.facebookobject.password(facebookobject.java:37)
at mainobje.facebookobject.password(facebookobject.java:37)
at mainobje.facebookobject.password(facebookobject.java:37)
at mainobje.facebookobject.password(facebookobject.java:37)
at mainobje.facebookobject.password(facebookobject.java:37)
at mainobje.facebookobject.password(facebookobject.java:37)
at mainobje.facebookobject.password(facebookobject.java:37)
at mainobje.facebookobject.password(facebookobject.java:37)
at mainobje.facebookobject.password(facebookobject.java:37)
at mainobje.facebookobject.password(facebookobject.java:37)
at mainobje.facebookobject.password(facebookobject.java:37)
at mainobje.facebookobject.password(facebookobject.java:37)
at mainobje.facebookobject.password(facebookobject.java:37)
at mainobje.facebookobject.password(facebookobject.java:37)
at mainobje.facebookobject.password(facebookobject.java:37)
at mainobje.facebookobject.password(facebookobject.java:37)
at mainobje.facebookobject.password(facebookobject.java:37)
at mainobje.facebookobject.password(facebookobject.java:37)
at mainobje.facebookobject.password(facebookobject.java:37)
at mainobje.facebookobject.password(facebookobject.java:37)
at mainobje.facebookobject.password(facebookobject.java:37)
at mainobje.facebookobject.password(facebookobject.java:37)
at mainobje.facebookobject.password(facebookobject.java:37)
at mainobje.facebookobject.password(facebookobject.java:37)
at mainobje.facebookobject.password(facebookobject.java:37)
at mainobje.facebookobject.password(facebookobject.java:37)
at mainobje.facebookobject.password(facebookobject.java:37)
at mainobje.facebookobject.password(facebookobject.java:37)
at mainobje.facebookobject.password(facebookobject.java:37)
at mainobje.facebookobject.password(facebookobject.java:37)
at mainobje.facebookobject.password(facebookobject.java:37)
at mainobje.facebookobject.password(facebookobject.java:37)
at mainobje.facebookobject.password(facebookobject.java:37)
at mainobje.facebookobject.password(facebookobject.java:37)
at mainobje.facebookobject.password(facebookobject.java:37)
at mainobje.facebookobject.password(facebookobject.java:37)
at mainobje.facebookobject.password(facebookobject.java:37)
at mainobje.facebookobject.password(facebookobject.java:37)
at mainobje.facebookobject.password(facebookobject.java:37)
at mainobje.facebookobject.password(facebookobject.java:37)
at mainobje.facebookobject.password(facebookobject.java:37)
at mainobje.facebookobject.password(facebookobject.java:37)
at mainobje.facebookobject.password(facebookobject.java:37)
at mainobje.facebookobject.password(facebookobject.java:37)
at mainobje.facebookobject.password(facebookobject.java:37)
at mainobje.facebookobject.password(facebookobject.java:37)
at mainobje.facebookobject.password(facebookobject.java:37)
at mainobje.facebookobject.password(facebookobject.java:37)
at mainobje.facebookobject.password(facebookobject.java:37)
at mainobje.facebookobject.password(facebookobject.java:37)
at mainobje.facebookobject.password(facebookobject.java:37)
at mainobje.facebookobject.password(facebookobject.java:37)
at mainobje.facebookobject.password(facebookobject.java:37)
at mainobje.facebookobject.password(facebookobject.java:37)
at mainobje.facebookobject.password(facebookobject.java:37)
at mainobje.facebookobject.password(facebookobject.java:37)
at mainobje.facebookobject.password(facebookobject.java:37)
at mainobje.facebookobject.password(facebookobject.java:37)
at mainobje.facebookobject.password(facebookobject.java:37)
at mainobje.facebookobject.password(facebookobject.java:37)
at mainobje.facebookobject.password(facebookobject.java:37)
at mainobje.facebookobject.password(facebookobject.java:37)
at mainobje.facebookobject.password(facebookobject.java:37)
at mainobje.facebookobject.password(facebookobject.java:37)
at mainobje.facebookobject.password(facebookobject.java:37)
at mainobje.facebookobject.password(facebookobject.java:37)
at mainobje.facebookobject.password(facebookobject.java:37)
at mainobje.facebookobject.password(facebookobject.java:37)
at mainobje.facebookobject.password(facebookobject.java:37)
at mainobje.facebookobject.password(facebookobject.java:37)
at mainobje.facebookobject.password(facebookobject.java:37)
at mainobje.facebookobject.password(facebookobject.java:37)
at mainobje.facebookobject.password(facebookobject.java:37)
at mainobje.facebookobject.password(facebookobject.java:37)
at mainobje.facebookobject.password(facebookobject.java:37)
at mainobje.facebookobject.password(facebookobject.java:37)
at mainobje.facebookobject.password(facebookobject.java:37)
at mainobje.facebookobject.password(facebookobject.java:37)
at mainobje.facebookobject.password(facebookobject.java:37)
at mainobje.facebookobject.password(facebookobject.java:37)
at mainobje.facebookobject.password(facebookobject.java:37)
at mainobje.facebookobject.password(facebookobject.java:37)
at mainobje.facebookobject.password(facebookobject.java:37)
at mainobje.facebookobject.password(facebookobject.java:37)
at mainobje.facebookobject.password(facebookobject.java:37)
at mainobje.facebookobject.password(facebookobject.java:37)
at mainobje.facebookobject.password(facebookobject.java:37)
at mainobje.facebookobject.password(facebookobject.java:37)
at mainobje.facebookobject.password(facebookobject.java:37)
at mainobje.facebookobject.password(facebookobject.java:37)
at mainobje.facebookobject.password(facebookobject.java:37)
at mainobje.facebookobject.password(facebookobject.java:37)
at mainobje.facebookobject.password(facebookobject.java:37)
at mainobje.facebookobject.password(facebookobject.java:37)
at mainobje.facebookobject.password(facebookobject.java:37)
at mainobje.facebookobject.password(facebookobject.java:37)
at mainobje.facebookobject.password(facebookobject.java:37)
at mainobje.facebookobject.password(facebookobject.java:37)
at mainobje.facebookobject.password(facebookobject.java:37)
at mainobje.facebookobject.password(facebookobject.java:37)
at mainobje.facebookobject.password(facebookobject.java:37)
at mainobje.facebookobject.password(facebookobject.java:37)
at mainobje.facebookobject.password(facebookobject.java:37)
at mainobje.facebookobject.password(facebookobject.java:37)
at mainobje.facebookobject.password(facebookobject.java:37)
at mainobje.facebookobject.password(facebookobject.java:37)
at mainobje.facebookobject.password(facebookobject.java:37)
at mainobje.facebookobject.password(facebookobject.java:37)
at mainobje.facebookobject.password(facebookobject.java:37)
at mainobje.facebookobject.password(facebookobject.java:37)
at mainobje.facebookobject.password(facebookobject.java:37)
at mainobje.facebookobject.password(facebookobject.java:37)
at mainobje.facebookobject.password(facebookobject.java:37)
at mainobje.facebookobject.password(facebookobject.java:37)
at mainobje.facebookobject.password(facebookobject.java:37)
at mainobje.facebookobject.password(facebookobject.java:37)
at mainobje.facebookobject.password(facebookobject.java:37)
at mainobje.facebookobject.password(facebookobject.java:37)
at mainobje.facebookobject.password(facebookobject.java:37)
at mainobje.facebookobject.password(facebookobject.java:37)
at mainobje.facebookobject.password(facebookobject.java:37)
at mainobje.facebookobject.password(facebookobject.java:37)
at mainobje.facebookobject.password(facebookobject.java:37)
at mainobje.facebookobject.password(facebookobject.java:37)
at mainobje.facebookobject.password(facebookobject.java:37)
at mainobje.facebookobject.password(facebookobject.java:37)
at mainobje.facebookobject.password(facebookobject.java:37)
at mainobje.facebookobject.password(facebookobject.java:37)
at mainobje.facebookobject.password(facebookobject.java:37)
at mainobje.facebookobject.password(facebookobject.java:37)
at mainobje.facebookobject.password(facebookobject.java:37)
at mainobje.facebookobject.password(facebookobject.java:37)
at mainobje.facebookobject.password(facebookobject.java:37)
at mainobje.facebookobject.password(facebookobject.java:37)
at mainobje.facebookobject.password(facebookobject.java:37)
at mainobje.facebookobject.password(facebookobject.java:37)
at mainobje.facebookobject.password(facebookobject.java:37)
at mainobje.facebookobject.password(facebookobject.java:37)
at mainobje.facebookobject.password(facebookobject.java:37)
at mainobje.facebookobject.password(facebookobject.java:37)
at mainobje.facebookobject.password(facebookobject.java:37)
at mainobje.facebookobject.password(facebookobject.java:37)
at mainobje.facebookobject.password(facebookobject.java:37)
at mainobje.facebookobject.password(facebookobject.java:37)
at mainobje.facebookobject.password(facebookobject.java:37)
at mainobje.facebookobject.password(facebookobject.java:37)
at mainobje.facebookobject.password(facebookobject.java:37)
at mainobje.facebookobject.password(facebookobject.java:37)
at mainobje.facebookobject.password(facebookobject.java:37)
at mainobje.facebookobject.password(facebookobject.java:37)
at mainobje.facebookobject.password(facebookobject.java:37)
at mainobje.facebookobject.password(facebookobject.java:37)
at mainobje.facebookobject.password(facebookobject.java:37)
at mainobje.facebookobject.password(facebookobject.java:37)
at mainobje.facebookobject.password(facebookobject.java:37)
at mainobje.facebookobject.password(facebookobject.java:37)
at mainobje.facebookobject.password(facebookobject.java:37)
at mainobje.facebookobject.password(facebookobject.java:37)
at mainobje.facebookobject.password(facebookobject.java:37)
at mainobje.facebookobject.password(facebookobject.java:37)
at mainobje.facebookobject.password(facebookobject.java:37)
at mainobje.facebookobject.password(facebookobject.java:37)
at mainobje.facebookobject.password(facebookobject.java:37)
at mainobje.facebookobject.password(facebookobject.java:37)
at mainobje.facebookobject.password(facebookobject.java:37)
at mainobje.facebookobject.password(facebookobject.java:37)
at mainobje.facebookobject.password(facebookobject.java:37)
at mainobje.facebookobject.password(facebookobject.java:37)
at mainobje.facebookobject.password(facebookobject.java:37)
at mainobje.facebookobject.password(facebookobject.java:37)
at mainobje.facebookobject.password(facebookobject.java:37)
at mainobje.facebookobject.password(facebookobject.java:37)
at mainobje.facebookobject.password(facebookobject.java:37)
at mainobje.facebookobject.password(facebookobject.java:37)
at mainobje.facebookobject.password(facebookobject.java:37)
at mainobje.facebookobject.password(facebookobject.java:37)
at mainobje.facebookobject.password(facebookobject.java:37)
at mainobje.facebookobject.password(facebookobject.java:37)
at mainobje.facebookobject.password(facebookobject.java:37)
at mainobje.facebookobject.password(facebookobject.java:37)
at mainobje.facebookobject.password(facebookobject.java:37)
at mainobje.facebookobject.password(facebookobject.java:37)
at mainobje.facebookobject.password(facebookobject.java:37)
at mainobje.facebookobject.password(facebookobject.java:37)
at mainobje.facebookobject.password(facebookobject.java:37)
at mainobje.facebookobject.password(facebookobject.java:37)
at mainobje.facebookobject.password(facebookobject.java:37)
at mainobje.facebookobject.password(facebookobject.java:37)
at mainobje.facebookobject.password(facebookobject.java:37)
at mainobje.facebookobject.password(facebookobject.java:37)
at mainobje.facebookobject.password(facebookobject.java:37)
at mainobje.facebookobject.password(facebookobject.java:37)
at mainobje.facebookobject.password(facebookobject.java:37)
at mainobje.facebookobject.password(facebookobject.java:37)
at mainobje.facebookobject.password(facebookobject.java:37)
at mainobje.facebookobject.password(facebookobject.java:37)
at mainobje.facebookobject.password(facebookobject.java:37)
at mainobje.facebookobject.password(facebookobject.java:37)
at mainobje.facebookobject.password(facebookobject.java:37)
at mainobje.facebookobject.password(facebookobject.java:37)
at mainobje.facebookobject.password(facebookobject.java:37)
at mainobje.facebookobject.password(facebookobject.java:37)
at mainobje.facebookobject.password(facebookobject.java:37)
at mainobje.facebookobject.password(facebookobject.java:37)
at mainobje.facebookobject.password(facebookobject.java:37)
at mainobje.facebookobject.password(facebookobject.java:37)
at mainobje.facebookobject.password(facebookobject.java:37)
at mainobje.facebookobject.password(facebookobject.java:37)
at mainobje.facebookobject.password(facebookobject.java:37)
at mainobje.facebookobject.password(facebookobject.java:37)
at mainobje.facebookobject.password(facebookobject.java:37)
at mainobje.facebookobject.password(facebookobject.java:37)
at mainobje.facebookobject.password(facebookobject.java:37)
at mainobje.facebookobject.password(facebookobject.java:37)
at mainobje.facebookobject.password(facebookobject.java:37)
at mainobje.facebookobject.password(facebookobject.java:37)
at mainobje.facebookobject.password(facebookobject.java:37)
at mainobje.facebookobject.password(facebookobject.java:37)
at mainobje.facebookobject.password(facebookobject.java:37)
at mainobje.facebookobject.password(facebookobject.java:37)
at mainobje.facebookobject.password(facebookobject.java:37)
at mainobje.facebookobject.password(facebookobject.java:37)
at mainobje.facebookobject.password(facebookobject.java:37)
at mainobje.facebookobject.password(facebookobject.java:37)
at mainobje.facebookobject.password(facebookobject.java:37)
]]>
    </failure>
  </testcase> <!-- test -->
</testsuite> <!-- Test -->
