<?xml version="1.0" encoding="UTF-8"?>
<testng-results ignored="0" total="2" passed="2" failed="0" skipped="0">
  <reporter-output>
  </reporter-output>
  <suite started-at="2020-09-20T12:58:10 IST" name="Suite" finished-at="2020-09-20T12:58:55 IST" duration-ms="44437">
    <groups>
    </groups>
    <test started-at="2020-09-20T12:58:10 IST" name="Test" finished-at="2020-09-20T12:58:55 IST" duration-ms="44437">
      <class name="browser.facebook">
        <test-method signature="mail()[pri:0, instance:browser.facebook@6e6d5d29]" started-at="2020-09-20T12:58:10 IST" name="mail" finished-at="2020-09-20T12:58:29 IST" duration-ms="18370" status="PASS">
          <reporter-output>
          </reporter-output>
        </test-method> <!-- mail -->
        <test-method is-config="true" signature="close()[pri:0, instance:browser.facebook@6e6d5d29]" started-at="2020-09-20T12:58:29 IST" name="close" finished-at="2020-09-20T12:58:37 IST" duration-ms="8183" status="PASS">
          <reporter-output>
          </reporter-output>
        </test-method> <!-- close -->
        <test-method signature="test()[pri:0, instance:browser.facebook@6e6d5d29]" started-at="2020-09-20T12:58:37 IST" name="test" finished-at="2020-09-20T12:58:46 IST" duration-ms="9361" status="PASS">
          <reporter-output>
          </reporter-output>
        </test-method> <!-- test -->
        <test-method is-config="true" signature="close()[pri:0, instance:browser.facebook@6e6d5d29]" started-at="2020-09-20T12:58:46 IST" name="close" finished-at="2020-09-20T12:58:55 IST" duration-ms="8434" status="PASS">
          <reporter-output>
          </reporter-output>
        </test-method> <!-- close -->
      </class> <!-- browser.facebook -->
    </test> <!-- Test -->
  </suite> <!-- Suite -->
</testng-results>
