<?xml version="1.0" encoding="UTF-8"?>
<testng-results ignored="0" total="1" passed="1" failed="0" skipped="0">
  <reporter-output>
  </reporter-output>
  <suite started-at="2020-11-13T18:14:35 IST" name="Default suite" finished-at="2020-11-13T18:14:49 IST" duration-ms="14127">
    <groups>
    </groups>
    <test started-at="2020-11-13T18:14:35 IST" name="Default test" finished-at="2020-11-13T18:14:49 IST" duration-ms="14127">
      <class name="browser.Selenium_QA_Click">
        <test-method signature="test1()[pri:0, instance:browser.Selenium_QA_Click@4470f8a6]" started-at="2020-11-13T18:14:35 IST" name="test1" finished-at="2020-11-13T18:14:49 IST" duration-ms="14056" status="PASS">
          <reporter-output>
          </reporter-output>
        </test-method> <!-- test1 -->
      </class> <!-- browser.Selenium_QA_Click -->
    </test> <!-- Default test -->
  </suite> <!-- Default suite -->
</testng-results>
